<?xml version="1.0" encoding="UTF-8"?>
<!-- Generated by org.testng.reporters.JUnitReportReporter -->
<testsuite hostname="USHYDANJALMISH8" failures="0" tests="1" name="com.api.restAssuredApi.firstCommand" time="2.616" errors="0" timestamp="2023-01-26T01:44:47 IST" skipped="0">
  <testcase classname="com.api.restAssuredApi.firstCommand" name="f" time="2.616"/>
  <system-out/>
</testsuite> <!-- com.api.restAssuredApi.firstCommand -->
