<?xml version="1.0" encoding="UTF-8"?>
<!-- Generated by org.testng.reporters.JUnitReportReporter -->
<testsuite hostname="USHYDANJALMISH8" failures="0" tests="1" name="data.datavalidation.ValidateResponseData" time="1.983" errors="0" timestamp="29 Jan 2023 14:08:39 GMT">
  <testcase classname="data.datavalidation.ValidateResponseData" name="parseXmlResponseAllValues" time="1.983"/>
</testsuite> <!-- data.datavalidation.ValidateResponseData -->
